# JRE version: OpenJDK Runtime Environment Temurin-17.0.11+9 (17.0.11+9) (build 17.0.11+9)
# Java VM: OpenJDK 64-Bit Server VM Temurin-17.0.11+9 (17.0.11+9, mixed mode, tiered, compressed oops, compressed class ptrs, g1 gc, windows-amd64)
GC Precious Log:
 CPUs: 16 total, 16 available
 Memory: 16299M
 Large Page Support: Disabled
 NUMA Support: Disabled
 Compressed Oops: Enabled (Zero based)
 Heap Region Size: 2M
 Heap Min Capacity: 8M
 Heap Initial Capacity: 256M
 Heap Max Capacity: 4076M
 Pre-touch: Disabled
 Parallel Workers: 13
 Concurrent Workers: 3
 Concurrent Refinement Workers: 13
 Periodic GC: Disabled
Heap:
 garbage-first heap   total 71680K, used 47482K [0x0000000701400000, 0x0000000800000000)
  region size 2048K, 9 young (18432K), 1 survivors (2048K)
 Metaspace       used 80579K, committed 81152K, reserved 1179648K
  class space    used 10448K, committed 10688K, reserved 1048576K
GC Heap History (20 events):
Event: 2082.218 GC heap before
{Heap before GC invocations=142 (full 0):
 garbage-first heap   total 71680K, used 59806K [0x0000000701400000, 0x0000000800000000)
  region size 2048K, 14 young (28672K), 1 survivors (2048K)
 Metaspace       used 80566K, committed 81152K, reserved 1179648K
  class space    used 10446K, committed 10688K, reserved 1048576K
}
Event: 2082.219 GC heap after
{Heap after GC invocations=143 (full 0):
 garbage-first heap   total 71680K, used 33209K [0x0000000701400000, 0x0000000800000000)
  region size 2048K, 1 young (2048K), 1 survivors (2048K)
 Metaspace       used 80566K, committed 81152K, reserved 1179648K
  class space    used 10446K, committed 10688K, reserved 1048576K
}
Event: 2082.871 GC heap before
{Heap before GC invocations=144 (full 0):
 garbage-first heap   total 71680K, used 59833K [0x0000000701400000, 0x0000000800000000)
  region size 2048K, 14 young (28672K), 1 survivors (2048K)
 Metaspace       used 80566K, committed 81152K, reserved 1179648K
  class space    used 10446K, committed 10688K, reserved 1048576K
}
Event: 2082.872 GC heap after
{Heap after GC invocations=145 (full 0):
 garbage-first heap   total 71680K, used 33154K [0x0000000701400000, 0x0000000800000000)
  region size 2048K, 1 young (2048K), 1 survivors (2048K)
 Metaspace       used 80566K, committed 81152K, reserved 1179648K
  class space    used 10446K, committed 10688K, reserved 1048576K
}
Event: 2083.381 GC heap before
{Heap before GC invocations=145 (full 0):
 garbage-first heap   total 71680K, used 59778K [0x0000000701400000, 0x0000000800000000)
  region size 2048K, 14 young (28672K), 1 survivors (2048K)
 Metaspace       used 80566K, committed 81152K, reserved 1179648K
  class space    used 10446K, committed 10688K, reserved 1048576K
}
Event: 2083.382 GC heap after
{Heap after GC invocations=146 (full 0):
 garbage-first heap   total 71680K, used 33248K [0x0000000701400000, 0x0000000800000000)
  region size 2048K, 1 young (2048K), 1 survivors (2048K)
 Metaspace       used 80566K, committed 81152K, reserved 1179648K
  class space    used 10446K, committed 10688K, reserved 1048576K
}
Event: 2084.052 GC heap before
{Heap before GC invocations=147 (full 0):
 garbage-first heap   total 71680K, used 59872K [0x0000000701400000, 0x0000000800000000)
  region size 2048K, 14 young (28672K), 1 survivors (2048K)
 Metaspace       used 80566K, committed 81152K, reserved 1179648K
  class space    used 10446K, committed 10688K, reserved 1048576K
}
Event: 2084.052 GC heap after
{Heap after GC invocations=148 (full 0):
 garbage-first heap   total 71680K, used 33139K [0x0000000701400000, 0x0000000800000000)
  region size 2048K, 1 young (2048K), 1 survivors (2048K)
 Metaspace       used 80566K, committed 81152K, reserved 1179648K
  class space    used 10446K, committed 10688K, reserved 1048576K
}
Event: 2084.588 GC heap before
{Heap before GC invocations=148 (full 0):
 garbage-first heap   total 71680K, used 59763K [0x0000000701400000, 0x0000000800000000)
  region size 2048K, 14 young (28672K), 1 survivors (2048K)
 Metaspace       used 80566K, committed 81152K, reserved 1179648K
  class space    used 10446K, committed 10688K, reserved 1048576K
}
Event: 2084.589 GC heap after
{Heap after GC invocations=149 (full 0):
 garbage-first heap   total 71680K, used 33268K [0x0000000701400000, 0x0000000800000000)
  region size 2048K, 1 young (2048K), 1 survivors (2048K)
 Metaspace       used 80566K, committed 81152K, reserved 1179648K
  class space    used 10446K, committed 10688K, reserved 1048576K
}
Event: 2085.519 GC heap before
{Heap before GC invocations=150 (full 0):
 garbage-first heap   total 71680K, used 59892K [0x0000000701400000, 0x0000000800000000)
  region size 2048K, 14 young (28672K), 1 survivors (2048K)
 Metaspace       used 80566K, committed 81152K, reserved 1179648K
  class space    used 10446K, committed 10688K, reserved 1048576K
}
Event: 2085.520 GC heap after
{Heap after GC invocations=151 (full 0):
 garbage-first heap   total 71680K, used 33203K [0x0000000701400000, 0x0000000800000000)
  region size 2048K, 1 young (2048K), 1 survivors (2048K)
 Metaspace       used 80566K, committed 81152K, reserved 1179648K
  class space    used 10446K, committed 10688K, reserved 1048576K
}
Event: 2086.084 GC heap before
{Heap before GC invocations=151 (full 0):
 garbage-first heap   total 71680K, used 57779K [0x0000000701400000, 0x0000000800000000)
  region size 2048K, 13 young (26624K), 1 survivors (2048K)
 Metaspace       used 80567K, committed 81152K, reserved 1179648K
  class space    used 10447K, committed 10688K, reserved 1048576K
}
Event: 2086.085 GC heap after
{Heap after GC invocations=152 (full 0):
 garbage-first heap   total 71680K, used 33209K [0x0000000701400000, 0x0000000800000000)
  region size 2048K, 1 young (2048K), 1 survivors (2048K)
 Metaspace       used 80567K, committed 81152K, reserved 1179648K
  class space    used 10447K, committed 10688K, reserved 1048576K
}
Event: 2086.850 GC heap before
{Heap before GC invocations=153 (full 0):
 garbage-first heap   total 71680K, used 57785K [0x0000000701400000, 0x0000000800000000)
  region size 2048K, 13 young (26624K), 1 survivors (2048K)
 Metaspace       used 80568K, committed 81152K, reserved 1179648K
  class space    used 10447K, committed 10688K, reserved 1048576K
}
Event: 2086.851 GC heap after
{Heap after GC invocations=154 (full 0):
 garbage-first heap   total 71680K, used 33279K [0x0000000701400000, 0x0000000800000000)
  region size 2048K, 1 young (2048K), 1 survivors (2048K)
 Metaspace       used 80568K, committed 81152K, reserved 1179648K
  class space    used 10447K, committed 10688K, reserved 1048576K
}
Event: 2087.453 GC heap before
{Heap before GC invocations=154 (full 0):
 garbage-first heap   total 71680K, used 57855K [0x0000000701400000, 0x0000000800000000)
  region size 2048K, 13 young (26624K), 1 survivors (2048K)
 Metaspace       used 80568K, committed 81152K, reserved 1179648K
  class space    used 10447K, committed 10688K, reserved 1048576K
}
Event: 2087.454 GC heap after
{Heap after GC invocations=155 (full 0):
 garbage-first heap   total 71680K, used 33203K [0x0000000701400000, 0x0000000800000000)
  region size 2048K, 1 young (2048K), 1 survivors (2048K)
 Metaspace       used 80568K, committed 81152K, reserved 1179648K
  class space    used 10447K, committed 10688K, reserved 1048576K
}
Event: 2088.686 GC heap before
{Heap before GC invocations=156 (full 0):
 garbage-first heap   total 71680K, used 57779K [0x0000000701400000, 0x0000000800000000)
  region size 2048K, 13 young (26624K), 1 survivors (2048K)
 Metaspace       used 80570K, committed 81152K, reserved 1179648K
  class space    used 10447K, committed 10688K, reserved 1048576K
}
Event: 2088.686 GC heap after
{Heap after GC invocations=157 (full 0):
 garbage-first heap   total 71680K, used 33146K [0x0000000701400000, 0x0000000800000000)
  region size 2048K, 1 young (2048K), 1 survivors (2048K)
 Metaspace       used 80570K, committed 81152K, reserved 1179648K
  class space    used 10447K, committed 10688K, reserved 1048576K
}

